1527685217111	geckodriver	INFO	geckodriver 0.20.1
1527685217119	geckodriver	INFO	Listening on 127.0.0.1:55054
1527685220096	mozrunner::runner	INFO	Running command: "C:\\Program Files\\Mozilla Firefox\\firefox.exe" "-marionette" "-profile" "C:\\Users\\Karan\\AppData\\Local\\Temp\\rust_mozprofile.5tKNuZfupj72"
Unable to read VR Path Registry from C:\Users\Karan\AppData\Local\openvr\openvrpaths.vrpath
Unable to read VR Path Registry from C:\Users\Karan\AppData\Local\openvr\openvrpaths.vrpath
Unable to read VR Path Registry from C:\Users\Karan\AppData\Local\openvr\openvrpaths.vrpath
Unable to read VR Path Registry from C:\Users\Karan\AppData\Local\openvr\openvrpaths.vrpath
Unable to read VR Path Registry from C:\Users\Karan\AppData\Local\openvr\openvrpaths.vrpath
1527685221781	Marionette	INFO	Listening on port 55062
1527685222112	Marionette	WARN	TLS certificate errors will be ignored for this session
[Parent 2848, Gecko_IOThread] WARNING: pipe error: 109: file z:/build/build/src/ipc/chromium/src/chrome/common/ipc_channel_win.cc, line 346
[Parent 2848, Gecko_IOThread] WARNING: pipe error: 109: file z:/build/build/src/ipc/chromium/src/chrome/common/ipc_channel_win.cc, line 346
[Child 10828, Chrome_ChildThread] WARNING: pipe error: 109: file z:/build/build/src/ipc/chromium/src/chrome/common/ipc_chan[Chinel_win.ld 5cc,496, C line hrome_346
ChildTh[Child 10828read] WARNING: pipe error: 109: file z:/build/build/src/ipc/chromium/src/chrome/common/ipc_channel_win.cc, line 346
[Child 5496,[Parent 2848, Gecko_IOThread] WARNING: pipe error: 109: file z:/build/build/src/ipc/chromium/src/chrome/common/ipc_channel_win.cc, line 346
[Child 7420, Chrome_ChildThread] WARNING: pipe error: 109: file z:/build/build/src/ipc/chromium/src/chrome/common/ipc_channel_win.cc, line 346
[Child 7420, *** UTM:SVC TimerManager:registerTimer called after profile-before-change notification. Ignoring timer registration for id: telemetry_modules_ping

###!!! [Child][MessageChannel::SendAndWait] Error: Channel error: cannot send/recv

_channel_win.cc, line 346
[Child 11348, Ch[GPU 636
###!!! [Child][MessageChannel::SendAndWait] Error: Channel error: cannot send/recv

